#
# There is insufficient memory for the Java Runtime Environment to continue.
# Native memory allocation (malloc) failed to allocate 32744 bytes for ChunkPool::allocate
# Possible reasons:
#   The system is out of physical RAM or swap space
#   In 32 bit mode, the process size limit was hit
# Possible solutions:
#   Reduce memory load on the system
#   Increase physical memory or swap space
#   Check if swap backing store is full
#   Use 64 bit Java on a 64 bit OS
#   Decrease Java heap size (-Xmx/-Xms)
#   Decrease number of Java threads
#   Decrease Java thread stack sizes (-Xss)
#   Set larger code cache with -XX:ReservedCodeCacheSize=
# This output file may be truncated or incomplete.
#
#  Out of Memory Error (allocation.cpp:273), pid=8848, tid=0x0000000000002ff4
#
# JRE version: OpenJDK Runtime Environment (8.0_152-b01) (build 1.8.0_152-release-915-b01)
# Java VM: OpenJDK 64-Bit Server VM (25.152-b01 mixed mode windows-amd64 compressed oops)
# Failed to write core dump. Minidumps are not enabled by default on client versions of Windows
#

---------------  T H R E A D  ---------------

Current thread (0x000000001ae21000):  JavaThread "Daemon worker" [_thread_in_vm, id=12276, stack(0x000000001d750000,0x000000001d850000)]

Stack: [0x000000001d750000,0x000000001d850000]
[error occurred during error reporting (printing stack bounds), id 0xc0000005]

Native frames: (J=compiled Java code, j=interpreted, Vv=VM code, C=native code)

Java frames: (J=compiled Java code, j=interpreted, Vv=VM code)
J 701  java.lang.ClassLoader.defineClass1(Ljava/lang/String;[BIILjava/security/ProtectionDomain;Ljava/lang/String;)Ljava/lang/Class; (0 bytes) @ 0x000000000489e71f [0x000000000489e680+0x9f]
J 505 C1 java.lang.ClassLoader.defineClass(Ljava/lang/String;[BIILjava/security/ProtectionDomain;)Ljava/lang/Class; (43 bytes) @ 0x00000000047f6f64 [0x00000000047f6980+0x5e4]
J 381 C1 java.net.URLClassLoader.defineClass(Ljava/lang/String;Lsun/misc/Resource;)Ljava/lang/Class; (142 bytes) @ 0x000000000478e124 [0x000000000478c5c0+0x1b64]
J 267 C1 java.net.URLClassLoader$1.run()Ljava/lang/Class; (63 bytes) @ 0x000000000473ddec [0x000000000473db20+0x2cc]
J 266 C1 java.net.URLClassLoader$1.run()Ljava/lang/Object; (5 bytes) @ 0x000000000473d78c [0x000000000473d700+0x8c]
v  ~StubRoutines::call_stub
J 206  java.security.AccessController.doPrivileged(Ljava/security/PrivilegedExceptionAction;Ljava/security/AccessControlContext;)Ljava/lang/Object; (0 bytes) @ 0x0000000004722926 [0x00000000047228c0+0x66]
J 1289 C2 java.net.URLClassLoader.findClass(Ljava/lang/String;)Ljava/lang/Class; (47 bytes) @ 0x0000000004a25f30 [0x0000000004a25ea0+0x90]
J 1510 C1 java.lang.ClassLoader.loadClass(Ljava/lang/String;Z)Ljava/lang/Class; (122 bytes) @ 0x0000000004ab53d4 [0x0000000004ab50a0+0x334]
J 324 C1 java.lang.ClassLoader.loadClass(Ljava/lang/String;)Ljava/lang/Class; (7 bytes) @ 0x0000000004756b0c [0x0000000004756a00+0x10c]
v  ~StubRoutines::call_stub
J 701  java.lang.ClassLoader.defineClass1(Ljava/lang/String;[BIILjava/security/ProtectionDomain;Ljava/lang/String;)Ljava/lang/Class; (0 bytes) @ 0x000000000489e71f [0x000000000489e680+0x9f]
J 505 C1 java.lang.ClassLoader.defineClass(Ljava/lang/String;[BIILjava/security/ProtectionDomain;)Ljava/lang/Class; (43 bytes) @ 0x00000000047f6f64 [0x00000000047f6980+0x5e4]
J 381 C1 java.net.URLClassLoader.defineClass(Ljava/lang/String;Lsun/misc/Resource;)Ljava/lang/Class; (142 bytes) @ 0x000000000478e124 [0x000000000478c5c0+0x1b64]
J 267 C1 java.net.URLClassLoader$1.run()Ljava/lang/Class; (63 bytes) @ 0x000000000473ddec [0x000000000473db20+0x2cc]
J 266 C1 java.net.URLClassLoader$1.run()Ljava/lang/Object; (5 bytes) @ 0x000000000473d78c [0x000000000473d700+0x8c]
v  ~StubRoutines::call_stub
J 206  java.security.AccessController.doPrivileged(Ljava/security/PrivilegedExceptionAction;Ljava/security/AccessControlContext;)Ljava/lang/Object; (0 bytes) @ 0x0000000004722926 [0x00000000047228c0+0x66]
J 1289 C2 java.net.URLClassLoader.findClass(Ljava/lang/String;)Ljava/lang/Class; (47 bytes) @ 0x0000000004a25f30 [0x0000000004a25ea0+0x90]
J 1510 C1 java.lang.ClassLoader.loadClass(Ljava/lang/String;Z)Ljava/lang/Class; (122 bytes) @ 0x0000000004ab53d4 [0x0000000004ab50a0+0x334]
J 324 C1 java.lang.ClassLoader.loadClass(Ljava/lang/String;)Ljava/lang/Class; (7 bytes) @ 0x0000000004756b0c [0x0000000004756a00+0x10c]
v  ~StubRoutines::call_stub
J 701  java.lang.ClassLoader.defineClass1(Ljava/lang/String;[BIILjava/security/ProtectionDomain;Ljava/lang/String;)Ljava/lang/Class; (0 bytes) @ 0x000000000489e71f [0x000000000489e680+0x9f]
J 505 C1 java.lang.ClassLoader.defineClass(Ljava/lang/String;[BIILjava/security/ProtectionDomain;)Ljava/lang/Class; (43 bytes) @ 0x00000000047f6f64 [0x00000000047f6980+0x5e4]
J 381 C1 java.net.URLClassLoader.defineClass(Ljava/lang/String;Lsun/misc/Resource;)Ljava/lang/Class; (142 bytes) @ 0x000000000478e124 [0x000000000478c5c0+0x1b64]
J 267 C1 java.net.URLClassLoader$1.run()Ljava/lang/Class; (63 bytes) @ 0x000000000473ddec [0x000000000473db20+0x2cc]
J 266 C1 java.net.URLClassLoader$1.run()Ljava/lang/Object; (5 bytes) @ 0x000000000473d78c [0x000000000473d700+0x8c]
v  ~StubRoutines::call_stub
J 206  java.security.AccessController.doPrivileged(Ljava/security/PrivilegedExceptionAction;Ljava/security/AccessControlContext;)Ljava/lang/Object; (0 bytes) @ 0x0000000004722926 [0x00000000047228c0+0x66]
J 1289 C2 java.net.URLClassLoader.findClass(Ljava/lang/String;)Ljava/lang/Class; (47 bytes) @ 0x0000000004a25f30 [0x0000000004a25ea0+0x90]
J 1510 C1 java.lang.ClassLoader.loadClass(Ljava/lang/String;Z)Ljava/lang/Class; (122 bytes) @ 0x0000000004ab53d4 [0x0000000004ab50a0+0x334]
J 324 C1 java.lang.ClassLoader.loadClass(Ljava/lang/String;)Ljava/lang/Class; (7 bytes) @ 0x0000000004756b0c [0x0000000004756a00+0x10c]
v  ~StubRoutines::call_stub
j  org.gradle.configuration.DefaultScriptPluginFactory$ScriptPluginImpl.apply(Ljava/lang/Object;)V+241
j  org.gradle.configuration.BuildOperationScriptPlugin$1.run(Lorg/gradle/internal/operations/BuildOperationContext;)V+11
j  org.gradle.internal.progress.DefaultBuildOperationExecutor$RunnableBuildOperationWorker.execute(Lorg/gradle/internal/operations/RunnableBuildOperation;Lorg/gradle/internal/operations/BuildOperationContext;)V+2
j  org.gradle.internal.progress.DefaultBuildOperationExecutor$RunnableBuildOperationWorker.execute(Lorg/gradle/internal/operations/BuildOperation;Lorg/gradle/internal/operations/BuildOperationContext;)V+6
j  org.gradle.internal.progress.DefaultBuildOperationExecutor.execute(Lorg/gradle/internal/operations/BuildOperation;Lorg/gradle/internal/operations/BuildOperationWorker;Lorg/gradle/internal/progress/DefaultBuildOperationExecutor$DefaultBuildOperationState;)V+177
j  org.gradle.internal.progress.DefaultBuildOperationExecutor.run(Lorg/gradle/internal/operations/RunnableBuildOperation;)V+20
j  org.gradle.configuration.BuildOperationScriptPlugin.apply(Ljava/lang/Object;)V+54
j  org.gradle.configuration.DefaultInitScriptProcessor.process(Lorg/gradle/groovy/scripts/ScriptSource;Lorg/gradle/api/internal/GradleInternal;)V+118
j  org.gradle.initialization.InitScriptHandler$1.run(Lorg/gradle/internal/operations/BuildOperationContext;)V+50
j  org.gradle.internal.progress.DefaultBuildOperationExecutor$RunnableBuildOperationWorker.execute(Lorg/gradle/internal/operations/RunnableBuildOperation;Lorg/gradle/internal/operations/BuildOperationContext;)V+2
j  org.gradle.internal.progress.DefaultBuildOperationExecutor$RunnableBuildOperationWorker.execute(Lorg/gradle/internal/operations/BuildOperation;Lorg/gradle/internal/operations/BuildOperationContext;)V+6
j  org.gradle.internal.progress.DefaultBuildOperationExecutor.execute(Lorg/gradle/internal/operations/BuildOperation;Lorg/gradle/internal/operations/BuildOperationWorker;Lorg/gradle/internal/progress/DefaultBuildOperationExecutor$DefaultBuildOperationState;)V+177
j  org.gradle.internal.progress.DefaultBuildOperationExecutor.run(Lorg/gradle/internal/operations/RunnableBuildOperation;)V+20
j  org.gradle.initialization.InitScriptHandler.executeScripts(Lorg/gradle/api/internal/GradleInternal;)V+34
j  org.gradle.initialization.DefaultGradleLauncher$LoadBuild.run(Lorg/gradle/internal/operations/BuildOperationContext;)V+14
j  org.gradle.internal.progress.DefaultBuildOperationExecutor$RunnableBuildOperationWorker.execute(Lorg/gradle/internal/operations/RunnableBuildOperation;Lorg/gradle/internal/operations/BuildOperationContext;)V+2
j  org.gradle.internal.progress.DefaultBuildOperationExecutor$RunnableBuildOperationWorker.execute(Lorg/gradle/internal/operations/BuildOperation;Lorg/gradle/internal/operations/BuildOperationContext;)V+6
j  org.gradle.internal.progress.DefaultBuildOperationExecutor.execute(Lorg/gradle/internal/operations/BuildOperation;Lorg/gradle/internal/operations/BuildOperationWorker;Lorg/gradle/internal/progress/DefaultBuildOperationExecutor$DefaultBuildOperationState;)V+177
j  org.gradle.internal.progress.DefaultBuildOperationExecutor.run(Lorg/gradle/internal/operations/RunnableBuildOperation;)V+20
j  org.gradle.initialization.DefaultGradleLauncher.loadSettings()V+33
j  org.gradle.initialization.DefaultGradleLauncher.doBuildStages(Lorg/gradle/initialization/DefaultGradleLauncher$Stage;)V+1
j  org.gradle.initialization.DefaultGradleLauncher.executeTasks()Lorg/gradle/api/internal/GradleInternal;+4
j  org.gradle.internal.invocation.GradleBuildController$1.call()Lorg/gradle/api/internal/GradleInternal;+7
j  org.gradle.internal.invocation.GradleBuildController$1.call()Ljava/lang/Object;+1
j  org.gradle.internal.work.DefaultWorkerLeaseService.withLocks(Ljava/lang/Iterable;Ljava/util/concurrent/Callable;)Ljava/lang/Object;+15
j  org.gradle.internal.invocation.GradleBuildController.doBuild(Ljava/util/concurrent/Callable;)Lorg/gradle/api/internal/GradleInternal;+52
j  org.gradle.internal.invocation.GradleBuildController.run()Lorg/gradle/api/internal/GradleInternal;+9
j  org.gradle.tooling.internal.provider.runner.ClientProvidedBuildActionRunner.run(Lorg/gradle/internal/invocation/BuildAction;Lorg/gradle/internal/invocation/BuildController;)V+80
j  org.gradle.launcher.exec.ChainingBuildActionRunner.run(Lorg/gradle/internal/invocation/BuildAction;Lorg/gradle/internal/invocation/BuildController;)V+34
j  org.gradle.launcher.exec.ChainingBuildActionRunner.run(Lorg/gradle/internal/invocation/BuildAction;Lorg/gradle/internal/invocation/BuildController;)V+34
j  org.gradle.tooling.internal.provider.ValidatingBuildActionRunner.run(Lorg/gradle/internal/invocation/BuildAction;Lorg/gradle/internal/invocation/BuildController;)V+6
j  org.gradle.launcher.exec.RunAsBuildOperationBuildActionRunner$1.run(Lorg/gradle/internal/operations/BuildOperationContext;)V+15
j  org.gradle.internal.progress.DefaultBuildOperationExecutor$RunnableBuildOperationWorker.execute(Lorg/gradle/internal/operations/RunnableBuildOperation;Lorg/gradle/internal/operations/BuildOperationContext;)V+2
j  org.gradle.internal.progress.DefaultBuildOperationExecutor$RunnableBuildOperationWorker.execute(Lorg/gradle/internal/operations/BuildOperation;Lorg/gradle/internal/operations/BuildOperationContext;)V+6
j  org.gradle.internal.progress.DefaultBuildOperationExecutor.execute(Lorg/gradle/internal/operations/BuildOperation;Lorg/gradle/internal/operations/BuildOperationWorker;Lorg/gradle/internal/progress/DefaultBuildOperationExecutor$DefaultBuildOperationState;)V+177
j  org.gradle.internal.progress.DefaultBuildOperationExecutor.run(Lorg/gradle/internal/operations/RunnableBuildOperation;)V+20
j  org.gradle.launcher.exec.RunAsBuildOperationBuildActionRunner.run(Lorg/gradle/internal/invocation/BuildAction;Lorg/gradle/internal/invocation/BuildController;)V+34
j  org.gradle.tooling.internal.provider.SubscribableBuildActionRunner.run(Lorg/gradle/internal/invocation/BuildAction;Lorg/gradle/internal/invocation/BuildController;)V+40
j  org.gradle.launcher.exec.InProcessBuildActionExecuter.execute(Lorg/gradle/internal/invocation/BuildAction;Lorg/gradle/initialization/BuildRequestContext;Lorg/gradle/launcher/exec/BuildActionParameters;Lorg/gradle/internal/service/ServiceRegistry;)Ljava/lang/Object;+71
j  org.gradle.launcher.exec.InProcessBuildActionExecuter.execute(Lorg/gradle/internal/invocation/BuildAction;Lorg/gradle/initialization/BuildRequestContext;Ljava/lang/Object;Lorg/gradle/internal/service/ServiceRegistry;)Ljava/lang/Object;+9
j  org.gradle.launcher.exec.BuildTreeScopeBuildActionExecuter.execute(Lorg/gradle/internal/invocation/BuildAction;Lorg/gradle/initialization/BuildRequestContext;Lorg/gradle/launcher/exec/BuildActionParameters;Lorg/gradle/internal/service/ServiceRegistry;)Ljava/lang/Object;+41
j  org.gradle.launcher.exec.BuildTreeScopeBuildActionExecuter.execute(Lorg/gradle/internal/invocation/BuildAction;Lorg/gradle/initialization/BuildRequestContext;Ljava/lang/Object;Lorg/gradle/internal/service/ServiceRegistry;)Ljava/lang/Object;+9
j  org.gradle.tooling.internal.provider.ContinuousBuildActionExecuter.execute(Lorg/gradle/internal/invocation/BuildAction;Lorg/gradle/initialization/BuildRequestContext;Lorg/gradle/launcher/exec/BuildActionParameters;Lorg/gradle/internal/service/ServiceRegistry;)Ljava/lang/Object;+28
j  org.gradle.tooling.internal.provider.ContinuousBuildActionExecuter.execute(Lorg/gradle/internal/invocation/BuildAction;Lorg/gradle/initialization/BuildRequestContext;Ljava/lang/Object;Lorg/gradle/internal/service/ServiceRegistry;)Ljava/lang/Object;+9
j  org.gradle.tooling.internal.provider.ServicesSetupBuildActionExecuter.execute(Lorg/gradle/internal/invocation/BuildAction;Lorg/gradle/initialization/BuildRequestContext;Lorg/gradle/launcher/exec/BuildActionParameters;Lorg/gradle/internal/service/ServiceRegistry;)Ljava/lang/Object;+85
j  org.gradle.tooling.internal.provider.ServicesSetupBuildActionExecuter.execute(Lorg/gradle/internal/invocation/BuildAction;Lorg/gradle/initialization/BuildRequestContext;Ljava/lang/Object;Lorg/gradle/internal/service/ServiceRegistry;)Ljava/lang/Object;+9
j  org.gradle.tooling.internal.provider.GradleThreadBuildActionExecuter.execute(Lorg/gradle/internal/invocation/BuildAction;Lorg/gradle/initialization/BuildRequestContext;Lorg/gradle/launcher/exec/BuildActionParameters;Lorg/gradle/internal/service/ServiceRegistry;)Ljava/lang/Object;+12
j  org.gradle.tooling.internal.provider.GradleThreadBuildActionExecuter.execute(Lorg/gradle/internal/invocation/BuildAction;Lorg/gradle/initialization/BuildRequestContext;Ljava/lang/Object;Lorg/gradle/internal/service/ServiceRegistry;)Ljava/lang/Object;+9
j  org.gradle.tooling.internal.provider.ParallelismConfigurationBuildActionExecuter.execute(Lorg/gradle/internal/invocation/BuildAction;Lorg/gradle/initialization/BuildRequestContext;Lorg/gradle/launcher/exec/BuildActionParameters;Lorg/gradle/internal/service/ServiceRegistry;)Ljava/lang/Object;+43
j  org.gradle.tooling.internal.provider.ParallelismConfigurationBuildActionExecuter.execute(Lorg/gradle/internal/invocation/BuildAction;Lorg/gradle/initialization/BuildRequestContext;Ljava/lang/Object;Lorg/gradle/internal/service/ServiceRegistry;)Ljava/lang/Object;+9
j  org.gradle.tooling.internal.provider.StartParamsValidatingActionExecuter.execute(Lorg/gradle/internal/invocation/BuildAction;Lorg/gradle/initialization/BuildRequestContext;Lorg/gradle/launcher/exec/BuildActionParameters;Lorg/gradle/internal/service/ServiceRegistry;)Ljava/lang/Object;+257
j  org.gradle.tooling.internal.provider.StartParamsValidatingActionExecuter.execute(Lorg/gradle/internal/invocation/BuildAction;Lorg/gradle/initialization/BuildRequestContext;Ljava/lang/Object;Lorg/gradle/internal/service/ServiceRegistry;)Ljava/lang/Object;+9
j  org.gradle.tooling.internal.provider.SessionFailureReportingActionExecuter.execute(Lorg/gradle/internal/invocation/BuildAction;Lorg/gradle/initialization/BuildRequestContext;Lorg/gradle/launcher/exec/BuildActionParameters;Lorg/gradle/internal/service/ServiceRegistry;)Ljava/lang/Object;+9
j  org.gradle.tooling.internal.provider.SessionFailureReportingActionExecuter.execute(Lorg/gradle/internal/invocation/BuildAction;Lorg/gradle/initialization/BuildRequestContext;Ljava/lang/Object;Lorg/gradle/internal/service/ServiceRegistry;)Ljava/lang/Object;+9
j  org.gradle.tooling.internal.provider.SetupLoggingActionExecuter.execute(Lorg/gradle/internal/invocation/BuildAction;Lorg/gradle/initialization/BuildRequestContext;Lorg/gradle/launcher/exec/BuildActionParameters;Lorg/gradle/internal/service/ServiceRegistry;)Ljava/lang/Object;+69
j  org.gradle.tooling.internal.provider.SetupLoggingActionExecuter.execute(Lorg/gradle/internal/invocation/BuildAction;Lorg/gradle/initialization/BuildRequestContext;Ljava/lang/Object;Lorg/gradle/internal/service/ServiceRegistry;)Ljava/lang/Object;+9
j  org.gradle.launcher.daemon.server.exec.ExecuteBuild.doBuild(Lorg/gradle/launcher/daemon/server/api/DaemonCommandExecution;Lorg/gradle/launcher/daemon/protocol/Build;)V+114
j  org.gradle.launcher.daemon.server.exec.BuildCommandOnly.execute(Lorg/gradle/launcher/daemon/server/api/DaemonCommandExecution;)V+49
j  org.gradle.launcher.daemon.server.api.DaemonCommandExecution.proceed()Z+28
j  org.gradle.launcher.daemon.server.exec.WatchForDisconnection.execute(Lorg/gradle/launcher/daemon/server/api/DaemonCommandExecution;)V+19
j  org.gradle.launcher.daemon.server.api.DaemonCommandExecution.proceed()Z+28
j  org.gradle.launcher.daemon.server.exec.ResetDeprecationLogger.execute(Lorg/gradle/launcher/daemon/server/api/DaemonCommandExecution;)V+4
j  org.gradle.launcher.daemon.server.api.DaemonCommandExecution.proceed()Z+28
j  org.gradle.launcher.daemon.server.exec.RequestStopIfSingleUsedDaemon.execute(Lorg/gradle/launcher/daemon/server/api/DaemonCommandExecution;)V+33
j  org.gradle.launcher.daemon.server.api.DaemonCommandExecution.proceed()Z+28
j  org.gradle.launcher.daemon.server.exec.ForwardClientInput$2.call()Ljava/lang/Void;+4
j  org.gradle.launcher.daemon.server.exec.ForwardClientInput$2.call()Ljava/lang/Object;+1
j  org.gradle.util.Swapper.swap(Ljava/lang/Object;Ljava/util/concurrent/Callable;)Ljava/lang/Object;+21
j  org.gradle.launcher.daemon.server.exec.ForwardClientInput.execute(Lorg/gradle/launcher/daemon/server/api/DaemonCommandExecution;)V+63
j  org.gradle.launcher.daemon.server.api.DaemonCommandExecution.proceed()Z+28
j  org.gradle.launcher.daemon.server.exec.LogAndCheckHealth.execute(Lorg/gradle/launcher/daemon/server/api/DaemonCommandExecution;)V+28
j  org.gradle.launcher.daemon.server.api.DaemonCommandExecution.proceed()Z+28
j  org.gradle.launcher.daemon.server.exec.LogToClient.doBuild(Lorg/gradle/launcher/daemon/server/api/DaemonCommandExecution;Lorg/gradle/launcher/daemon/protocol/Build;)V+87
j  org.gradle.launcher.daemon.server.exec.BuildCommandOnly.execute(Lorg/gradle/launcher/daemon/server/api/DaemonCommandExecution;)V+49
j  org.gradle.launcher.daemon.server.api.DaemonCommandExecution.proceed()Z+28
j  org.gradle.launcher.daemon.server.exec.EstablishBuildEnvironment.doBuild(Lorg/gradle/launcher/daemon/server/api/DaemonCommandExecution;Lorg/gradle/launcher/daemon/protocol/Build;)V+365
j  org.gradle.launcher.daemon.server.exec.BuildCommandOnly.execute(Lorg/gradle/launcher/daemon/server/api/DaemonCommandExecution;)V+49
j  org.gradle.launcher.daemon.server.api.DaemonCommandExecution.proceed()Z+28
j  org.gradle.launcher.daemon.server.exec.StartBuildOrRespondWithBusy$1.run()V+44
j  org.gradle.launcher.daemon.server.DaemonStateCoordinator$1.run()V+4
j  org.gradle.internal.concurrent.ExecutorPolicy$CatchAndRecordFailures.onExecute(Ljava/lang/Runnable;)V+1
j  org.gradle.internal.concurrent.ManagedExecutorImpl$1.run()V+25
j  java.util.concurrent.ThreadPoolExecutor.runWorker(Ljava/util/concurrent/ThreadPoolExecutor$Worker;)V+95
j  java.util.concurrent.ThreadPoolExecutor$Worker.run()V+5
j  org.gradle.internal.concurrent.ThreadFactoryImpl$ManagedThreadRunnable.run()V+7
j  java.lang.Thread.run()V+11
v  ~StubRoutines::call_stub

---------------  P R O C E S S  ---------------

Java Threads: ( => current thread )
  0x000000001b4a7800 JavaThread "Cache worker for file hash cache (C:\Users\Vanessa\AndroidStudioProjects\after_school\QRAttendance\.gradle\4.1\fileHashes)" [_thread_blocked, id=8500, stack(0x000000001de50000,0x000000001df50000)]
  0x000000001b3dd000 JavaThread "File lock request listener" [_thread_in_native, id=9052, stack(0x000000001db50000,0x000000001dc50000)]
  0x000000001b3dc800 JavaThread "Cache worker for file hash cache (C:\Users\Vanessa\.gradle\caches\4.1\fileHashes)" [_thread_blocked, id=5400, stack(0x000000001da50000,0x000000001db50000)]
  0x000000001b158800 JavaThread "Stdin handler" [_thread_blocked, id=4328, stack(0x000000001d950000,0x000000001da50000)]
  0x000000001b154800 JavaThread "Asynchronous log dispatcher for DefaultDaemonConnection: socket connection from /127.0.0.1:53815 to /127.0.0.1:53816" [_thread_blocked, id=5664, stack(0x000000001d850000,0x000000001d950000)]
=>0x000000001ae21000 JavaThread "Daemon worker" [_thread_in_vm, id=12276, stack(0x000000001d750000,0x000000001d850000)]
  0x000000001ae20000 JavaThread "Cancel handler" [_thread_blocked, id=7656, stack(0x000000001d650000,0x000000001d750000)]
  0x000000001ae0f800 JavaThread "Handler for socket connection from /127.0.0.1:53815 to /127.0.0.1:53816" [_thread_in_native, id=11484, stack(0x000000001d350000,0x000000001d450000)]
  0x000000001ae0b800 JavaThread "Daemon" [_thread_blocked, id=10032, stack(0x000000001d250000,0x000000001d350000)]
  0x000000001b6c0000 JavaThread "Daemon periodic checks" [_thread_blocked, id=2628, stack(0x000000001d150000,0x000000001d250000)]
  0x000000001ae37000 JavaThread "Incoming local TCP Connector on port 53815" [_thread_in_native, id=2260, stack(0x000000001b750000,0x000000001b850000)]
  0x00000000199ad000 JavaThread "Service Thread" daemon [_thread_blocked, id=5892, stack(0x0000000019d80000,0x0000000019e80000)]
  0x0000000017f24000 JavaThread "C1 CompilerThread2" daemon [_thread_blocked, id=11912, stack(0x0000000019880000,0x0000000019980000)]
  0x0000000017f21000 JavaThread "C2 CompilerThread1" daemon [_thread_in_native, id=6640, stack(0x0000000019780000,0x0000000019880000)]
  0x0000000017f1e000 JavaThread "C2 CompilerThread0" daemon [_thread_in_native, id=11796, stack(0x0000000019680000,0x0000000019780000)]
  0x0000000017f1b000 JavaThread "Attach Listener" daemon [_thread_blocked, id=1444, stack(0x0000000019580000,0x0000000019680000)]
  0x0000000017f1a000 JavaThread "Signal Dispatcher" daemon [_thread_blocked, id=12368, stack(0x0000000019480000,0x0000000019580000)]
  0x0000000017f0e000 JavaThread "Finalizer" daemon [_thread_blocked, id=8412, stack(0x0000000019190000,0x0000000019290000)]
  0x00000000045a2800 JavaThread "Reference Handler" daemon [_thread_blocked, id=9420, stack(0x0000000019090000,0x0000000019190000)]
  0x00000000044ae000 JavaThread "main" [_thread_blocked, id=2976, stack(0x0000000004340000,0x0000000004440000)]

Other Threads:
  0x0000000017ee5800 VMThread [stack: 0x0000000018f90000,0x0000000019090000] [id=11220]
  0x00000000199b1800 WatcherThread [stack: 0x0000000019e80000,0x0000000019f80000] [id=2496]

VM state:not at safepoint (normal execution)

VM Mutex/Monitor currently owned by a thread: None

Heap:
 PSYoungGen      total 35328K, used 13462K [0x00000000e0000000, 0x00000000e4f00000, 0x0000000100000000)
  eden space 32768K, 33% used [0x00000000e0000000,0x00000000e0aa5b78,0x00000000e2000000)
  from space 2560K, 100% used [0x00000000e2000000,0x00000000e2280000,0x00000000e2280000)
  to   space 7680K, 0% used [0x00000000e4780000,0x00000000e4780000,0x00000000e4f00000)
 ParOldGen       total 44032K, used 8498K [0x00000000a0000000, 0x00000000a2b00000, 0x00000000e0000000)
  object space 44032K, 19% used [0x00000000a0000000,0x00000000a084c880,0x00000000a2b00000)
 Metaspace       used 16932K, capacity 17412K, committed 17792K, reserved 1064960K
  class space    used 2426K, capacity 2588K, committed 2688K, reserved 1048576K

Card table byte_map: [0x0000000013970000,0x0000000013c80000] byte_map_base: 0x0000000013470000

Marking Bits: (ParMarkBitMap*) 0x0000000076da3950
 Begin Bits: [0x0000000014280000, 0x0000000015a80000)
 End Bits:   [0x0000000015a80000, 0x0000000017280000)

Polling page: 0x0000000002ad0000

CodeCache: size=245760Kb used=5180Kb max_used=5180Kb free=240579Kb
 bounds [0x00000000045b0000, 0x0000000004ad0000, 0x00000000135b0000]
 total_blobs=1888 nmethods=1511 adapters=290
 compilation: enabled

Compilation events (10 events):
Event: 4.090 Thread 0x0000000017f24000 1515   !   3       org.gradle.internal.classloader.TransformingClassLoader::findClass (203 bytes)
Event: 4.094 Thread 0x0000000017f24000 nmethod 1515 0x0000000004aba710 code [0x0000000004abab60, 0x0000000004abd338]
Event: 4.094 Thread 0x0000000017f24000 1516       3       org.gradle.initialization.MixInLegacyTypesClassLoader::shouldTransform (42 bytes)
Event: 4.094 Thread 0x0000000017f24000 nmethod 1516 0x0000000004abea90 code [0x0000000004abec20, 0x0000000004abf078]
Event: 4.120 Thread 0x0000000017f24000 1517       1       sun.reflect.generics.repository.AbstractRepository::getFactory (5 bytes)
Event: 4.120 Thread 0x0000000017f24000 nmethod 1517 0x0000000004abf4d0 code [0x0000000004abf620, 0x0000000004abf730]
Event: 4.120 Thread 0x0000000017f24000 1518       3       org.gradle.internal.service.DefaultServiceRegistry$OwnServices::add (109 bytes)
Event: 4.122 Thread 0x0000000017f24000 nmethod 1518 0x0000000004abf790 code [0x0000000004abfa60, 0x0000000004ac1088]
Event: 4.122 Thread 0x0000000017f24000 1519       3       org.gradle.internal.service.DefaultServiceRegistry::access$1000 (5 bytes)
Event: 4.122 Thread 0x0000000017f24000 nmethod 1519 0x0000000004ac1b10 code [0x0000000004ac1c80, 0x0000000004ac1de8]

GC Heap History (10 events):
Event: 0.849 GC heap before
{Heap before GC invocations=1 (full 0):
 PSYoungGen      total 18944K, used 16384K [0x00000000e0000000, 0x00000000e1500000, 0x0000000100000000)
  eden space 16384K, 100% used [0x00000000e0000000,0x00000000e1000000,0x00000000e1000000)
  from space 2560K, 0% used [0x00000000e1280000,0x00000000e1280000,0x00000000e1500000)
  to   space 2560K, 0% used [0x00000000e1000000,0x00000000e1000000,0x00000000e1280000)
 ParOldGen       total 44032K, used 0K [0x00000000a0000000, 0x00000000a2b00000, 0x00000000e0000000)
  object space 44032K, 0% used [0x00000000a0000000,0x00000000a0000000,0x00000000a2b00000)
 Metaspace       used 6206K, capacity 6350K, committed 6528K, reserved 1056768K
  class space    used 762K, capacity 843K, committed 896K, reserved 1048576K
Event: 0.856 GC heap after
Heap after GC invocations=1 (full 0):
 PSYoungGen      total 18944K, used 2530K [0x00000000e0000000, 0x00000000e1500000, 0x0000000100000000)
  eden space 16384K, 0% used [0x00000000e0000000,0x00000000e0000000,0x00000000e1000000)
  from space 2560K, 98% used [0x00000000e1000000,0x00000000e1278858,0x00000000e1280000)
  to   space 2560K, 0% used [0x00000000e1280000,0x00000000e1280000,0x00000000e1500000)
 ParOldGen       total 44032K, used 522K [0x00000000a0000000, 0x00000000a2b00000, 0x00000000e0000000)
  object space 44032K, 1% used [0x00000000a0000000,0x00000000a0082a98,0x00000000a2b00000)
 Metaspace       used 6206K, capacity 6350K, committed 6528K, reserved 1056768K
  class space    used 762K, capacity 843K, committed 896K, reserved 1048576K
}
Event: 1.158 GC heap before
{Heap before GC invocations=2 (full 0):
 PSYoungGen      total 18944K, used 18661K [0x00000000e0000000, 0x00000000e1500000, 0x0000000100000000)
  eden space 16384K, 98% used [0x00000000e0000000,0x00000000e0fc0f70,0x00000000e1000000)
  from space 2560K, 98% used [0x00000000e1000000,0x00000000e1278858,0x00000000e1280000)
  to   space 2560K, 0% used [0x00000000e1280000,0x00000000e1280000,0x00000000e1500000)
 ParOldGen       total 44032K, used 522K [0x00000000a0000000, 0x00000000a2b00000, 0x00000000e0000000)
  object space 44032K, 1% used [0x00000000a0000000,0x00000000a0082a98,0x00000000a2b00000)
 Metaspace       used 6898K, capacity 7054K, committed 7424K, reserved 1056768K
  class space    used 837K, capacity 907K, committed 1024K, reserved 1048576K
Event: 1.164 GC heap after
Heap after GC invocations=2 (full 0):
 PSYoungGen      total 18944K, used 2455K [0x00000000e0000000, 0x00000000e2500000, 0x0000000100000000)
  eden space 16384K, 0% used [0x00000000e0000000,0x00000000e0000000,0x00000000e1000000)
  from space 2560K, 95% used [0x00000000e1280000,0x00000000e14e5fb0,0x00000000e1500000)
  to   space 2560K, 0% used [0x00000000e1000000,0x00000000e1000000,0x00000000e1280000)
 ParOldGen       total 44032K, used 530K [0x00000000a0000000, 0x00000000a2b00000, 0x00000000e0000000)
  object space 44032K, 1% used [0x00000000a0000000,0x00000000a0084a98,0x00000000a2b00000)
 Metaspace       used 6898K, capacity 7054K, committed 7424K, reserved 1056768K
  class space    used 837K, capacity 907K, committed 1024K, reserved 1048576K
}
Event: 1.568 GC heap before
{Heap before GC invocations=3 (full 0):
 PSYoungGen      total 18944K, used 18839K [0x00000000e0000000, 0x00000000e2500000, 0x0000000100000000)
  eden space 16384K, 100% used [0x00000000e0000000,0x00000000e1000000,0x00000000e1000000)
  from space 2560K, 95% used [0x00000000e1280000,0x00000000e14e5fb0,0x00000000e1500000)
  to   space 2560K, 0% used [0x00000000e1000000,0x00000000e1000000,0x00000000e1280000)
 ParOldGen       total 44032K, used 530K [0x00000000a0000000, 0x00000000a2b00000, 0x00000000e0000000)
  object space 44032K, 1% used [0x00000000a0000000,0x00000000a0084a98,0x00000000a2b00000)
 Metaspace       used 8550K, capacity 8776K, committed 8960K, reserved 1056768K
  class space    used 1093K, capacity 1218K, committed 1280K, reserved 1048576K
Event: 1.574 GC heap after
Heap after GC invocations=3 (full 0):
 PSYoungGen      total 18944K, used 2544K [0x00000000e0000000, 0x00000000e2500000, 0x0000000100000000)
  eden space 16384K, 0% used [0x00000000e0000000,0x00000000e0000000,0x00000000e1000000)
  from space 2560K, 99% used [0x00000000e1000000,0x00000000e127c010,0x00000000e1280000)
  to   space 2560K, 0% used [0x00000000e2280000,0x00000000e2280000,0x00000000e2500000)
 ParOldGen       total 44032K, used 1497K [0x00000000a0000000, 0x00000000a2b00000, 0x00000000e0000000)
  object space 44032K, 3% used [0x00000000a0000000,0x00000000a0176730,0x00000000a2b00000)
 Metaspace       used 8550K, capacity 8776K, committed 8960K, reserved 1056768K
  class space    used 1093K, capacity 1218K, committed 1280K, reserved 1048576K
}
Event: 2.809 GC heap before
{Heap before GC invocations=4 (full 0):
 PSYoungGen      total 18944K, used 18928K [0x00000000e0000000, 0x00000000e2500000, 0x0000000100000000)
  eden space 16384K, 100% used [0x00000000e0000000,0x00000000e1000000,0x00000000e1000000)
  from space 2560K, 99% used [0x00000000e1000000,0x00000000e127c010,0x00000000e1280000)
  to   space 2560K, 0% used [0x00000000e2280000,0x00000000e2280000,0x00000000e2500000)
 ParOldGen       total 44032K, used 1497K [0x00000000a0000000, 0x00000000a2b00000, 0x00000000e0000000)
  object space 44032K, 3% used [0x00000000a0000000,0x00000000a0176730,0x00000000a2b00000)
 Metaspace       used 12292K, capacity 12652K, committed 12928K, reserved 1060864K
  class space    used 1660K, capacity 1800K, committed 1920K, reserved 1048576K
Event: 2.820 GC heap after
Heap after GC invocations=4 (full 0):
 PSYoungGen      total 35328K, used 2560K [0x00000000e0000000, 0x00000000e2500000, 0x0000000100000000)
  eden space 32768K, 0% used [0x00000000e0000000,0x00000000e0000000,0x00000000e2000000)
  from space 2560K, 100% used [0x00000000e2280000,0x00000000e2500000,0x00000000e2500000)
  to   space 2560K, 0% used [0x00000000e2000000,0x00000000e2000000,0x00000000e2280000)
 ParOldGen       total 44032K, used 4083K [0x00000000a0000000, 0x00000000a2b00000, 0x00000000e0000000)
  object space 44032K, 9% used [0x00000000a0000000,0x00000000a03fcc60,0x00000000a2b00000)
 Metaspace       used 12292K, capacity 12652K, committed 12928K, reserved 1060864K
  class space    used 1660K, capacity 1800K, committed 1920K, reserved 1048576K
}
Event: 3.504 GC heap before
{Heap before GC invocations=5 (full 0):
 PSYoungGen      total 35328K, used 35328K [0x00000000e0000000, 0x00000000e2500000, 0x0000000100000000)
  eden space 32768K, 100% used [0x00000000e0000000,0x00000000e2000000,0x00000000e2000000)
  from space 2560K, 100% used [0x00000000e2280000,0x00000000e2500000,0x00000000e2500000)
  to   space 2560K, 0% used [0x00000000e2000000,0x00000000e2000000,0x00000000e2280000)
 ParOldGen       total 44032K, used 4083K [0x00000000a0000000, 0x00000000a2b00000, 0x00000000e0000000)
  object space 44032K, 9% used [0x00000000a0000000,0x00000000a03fcc60,0x00000000a2b00000)
 Metaspace       used 15706K, capacity 16080K, committed 16256K, reserved 1062912K
  class space    used 2214K, capacity 2346K, committed 2432K, reserved 1048576K
Event: 3.519 GC heap after
Heap after GC invocations=5 (full 0):
 PSYoungGen      total 35328K, used 2560K [0x00000000e0000000, 0x00000000e4f00000, 0x0000000100000000)
  eden space 32768K, 0% used [0x00000000e0000000,0x00000000e0000000,0x00000000e2000000)
  from space 2560K, 100% used [0x00000000e2000000,0x00000000e2280000,0x00000000e2280000)
  to   space 7680K, 0% used [0x00000000e4780000,0x00000000e4780000,0x00000000e4f00000)
 ParOldGen       total 44032K, used 8498K [0x00000000a0000000, 0x00000000a2b00000, 0x00000000e0000000)
  object space 44032K, 19% used [0x00000000a0000000,0x00000000a084c880,0x00000000a2b00000)
 Metaspace       used 15706K, capacity 16080K, committed 16256K, reserved 1062912K
  class space    used 2214K, capacity 2346K, committed 2432K, reserved 1048576K
}

Deoptimization events (10 events):
Event: 2.935 Thread 0x000000001ae21000 Uncommon trap: reason=bimorphic action=maybe_recompile pc=0x00000000049fc128 method=java.util.HashMap.putVal(ILjava/lang/Object;Ljava/lang/Object;ZZ)Ljava/lang/Object; @ 91
Event: 3.027 Thread 0x000000001ae21000 Uncommon trap: reason=class_check action=maybe_recompile pc=0x000000000481aa9c method=java.util.regex.Matcher.match(II)Z @ 86
Event: 3.027 Thread 0x000000001ae21000 Uncommon trap: reason=class_check action=maybe_recompile pc=0x000000000481aa9c method=java.util.regex.Matcher.match(II)Z @ 86
Event: 3.097 Thread 0x000000001ae21000 Uncommon trap: reason=unstable_if action=reinterpret pc=0x0000000004a0a2b4 method=java.lang.String.lastIndexOf([CII[CIII)I @ 66
Event: 3.548 Thread 0x000000001ae21000 Uncommon trap: reason=unstable_if action=reinterpret pc=0x0000000004701d08 method=java.net.URI.match(CJJ)Z @ 19
Event: 3.548 Thread 0x000000001ae21000 Uncommon trap: reason=unstable_if action=reinterpret pc=0x0000000004843dc0 method=java.net.URI.match(CJJ)Z @ 19
Event: 3.879 Thread 0x000000001ae21000 Uncommon trap: reason=bimorphic action=maybe_recompile pc=0x0000000004a1a558 method=java.lang.ClassLoader.loadClass(Ljava/lang/String;Z)Ljava/lang/Class; @ 38
Event: 3.895 Thread 0x000000001ae21000 Uncommon trap: reason=bimorphic action=maybe_recompile pc=0x0000000004a1a558 method=java.lang.ClassLoader.loadClass(Ljava/lang/String;Z)Ljava/lang/Class; @ 38
Event: 3.896 Thread 0x000000001ae21000 Uncommon trap: reason=bimorphic action=maybe_recompile pc=0x0000000004a1a558 method=java.lang.ClassLoader.loadClass(Ljava/lang/String;Z)Ljava/lang/Class; @ 38
Event: 3.896 Thread 0x000000001ae21000 Uncommon trap: reason=bimorphic action=maybe_recompile pc=0x0000000004a1a558 method=java.lang.ClassLoader.loadClass(Ljava/lang/String;Z)Ljava/lang/Class; @ 38

Classes redefined (0 events):
No events

Internal exceptions (10 events):
Event: 3.689 Thread 0x000000001ae21000 Exception <a 'java/lang/NoSuchMethodError': <clinit>> (0x00000000e0400ac0) thrown at [D:\src\AOSP-openjdk-cygwin\jdk8u\hotspot\src\share\vm\prims\jni.cpp, line 1613]
Event: 3.689 Thread 0x000000001ae21000 Exception <a 'java/lang/NoSuchMethodError': <clinit>> (0x00000000e0403460) thrown at [D:\src\AOSP-openjdk-cygwin\jdk8u\hotspot\src\share\vm\prims\jni.cpp, line 1613]
Event: 3.691 Thread 0x000000001ae21000 Exception <a 'java/lang/NoSuchMethodError': <clinit>> (0x00000000e0410a50) thrown at [D:\src\AOSP-openjdk-cygwin\jdk8u\hotspot\src\share\vm\prims\jni.cpp, line 1613]
Event: 3.692 Thread 0x000000001ae21000 Exception <a 'java/lang/NoSuchMethodError': <clinit>> (0x00000000e041c1d0) thrown at [D:\src\AOSP-openjdk-cygwin\jdk8u\hotspot\src\share\vm\prims\jni.cpp, line 1613]
Event: 3.904 Thread 0x000000001ae21000 Exception <a 'java/lang/NoSuchMethodError': <clinit>> (0x00000000e0718428) thrown at [D:\src\AOSP-openjdk-cygwin\jdk8u\hotspot\src\share\vm\prims\jni.cpp, line 1613]
Event: 4.030 Thread 0x000000001ae21000 Exception <a 'java/lang/NoSuchMethodError': <clinit>> (0x00000000e0762b88) thrown at [D:\src\AOSP-openjdk-cygwin\jdk8u\hotspot\src\share\vm\prims\jni.cpp, line 1613]
Event: 4.033 Thread 0x000000001ae21000 Exception <a 'java/lang/NoSuchMethodError': <clinit>> (0x00000000e0770420) thrown at [D:\src\AOSP-openjdk-cygwin\jdk8u\hotspot\src\share\vm\prims\jni.cpp, line 1613]
Event: 4.053 Thread 0x000000001ae21000 Exception <a 'java/lang/NoSuchMethodError': <clinit>> (0x00000000e07ee810) thrown at [D:\src\AOSP-openjdk-cygwin\jdk8u\hotspot\src\share\vm\prims\jni.cpp, line 1613]
Event: 4.053 Thread 0x000000001ae21000 Exception <a 'java/lang/NoSuchMethodError': <clinit>> (0x00000000e07f24d0) thrown at [D:\src\AOSP-openjdk-cygwin\jdk8u\hotspot\src\share\vm\prims\jni.cpp, line 1613]
Event: 4.053 Thread 0x000000001ae21000 Exception <a 'java/lang/NoSuchMethodError': <clinit>> (0x00000000e07f3fd8) thrown at [D:\src\AOSP-openjdk-cygwin\jdk8u\hotspot\src\share\vm\prims\jni.cpp, line 1613]

Events (10 events):
Event: 4.172 loading class org/gradle/plugin/management/internal/InvalidPluginRequestException
Event: 4.172 loading class org/gradle/plugin/management/internal/InvalidPluginRequestException done
Event: 4.172 loading class org/gradle/plugin/use/PluginDependenciesSpec
Event: 4.172 loading class org/gradle/plugin/use/PluginDependenciesSpec done
Event: 4.173 loading class org/gradle/groovy/scripts/internal/SubsetScriptTransformer
Event: 4.173 loading class org/gradle/groovy/scripts/internal/SubsetScriptTransformer done
Event: 4.173 loading class org/gradle/groovy/scripts/internal/AbstractScriptTransformer
Event: 4.173 loading class org/gradle/groovy/scripts/internal/AbstractScriptTransformer done
Event: 4.173 loading class org/codehaus/groovy/control/CompilationUnit$SourceUnitOperation
Event: 4.173 loading class org/codehaus/groovy/control/CompilationUnit$SourceUnitOperation done


Dynamic libraries:
0x00007ff607310000 - 0x00007ff607341000 	C:\Program Files\Android\Android Studio\jre\bin\java.exe
0x00007ffe1d9d0000 - 0x00007ffe1dbb0000 	C:\WINDOWS\SYSTEM32\ntdll.dll
0x00007ffe1d8b0000 - 0x00007ffe1d95e000 	C:\WINDOWS\System32\KERNEL32.DLL
0x00007ffe1a960000 - 0x00007ffe1abc6000 	C:\WINDOWS\System32\KERNELBASE.dll
0x00007ffe1b7a0000 - 0x00007ffe1b841000 	C:\WINDOWS\System32\ADVAPI32.dll
0x00007ffe1c280000 - 0x00007ffe1c31d000 	C:\WINDOWS\System32\msvcrt.dll
0x00007ffe1aea0000 - 0x00007ffe1aefb000 	C:\WINDOWS\System32\sechost.dll
0x00007ffe1c350000 - 0x00007ffe1c46f000 	C:\WINDOWS\System32\RPCRT4.dll
0x00007ffe1bf30000 - 0x00007ffe1c0bf000 	C:\WINDOWS\System32\USER32.dll
0x00007ffe19e70000 - 0x00007ffe19e90000 	C:\WINDOWS\System32\win32u.dll
0x00007ffe1c320000 - 0x00007ffe1c348000 	C:\WINDOWS\System32\GDI32.dll
0x00007ffe1a7c0000 - 0x00007ffe1a953000 	C:\WINDOWS\System32\gdi32full.dll
0x00007ffe19dd0000 - 0x00007ffe19e6b000 	C:\WINDOWS\System32\msvcp_win.dll
0x00007ffe1a5e0000 - 0x00007ffe1a6d6000 	C:\WINDOWS\System32\ucrtbase.dll
0x00007ffe0b840000 - 0x00007ffe0baa9000 	C:\WINDOWS\WinSxS\amd64_microsoft.windows.common-controls_6595b64144ccf1df_6.0.16299.371_none_15c7d1789365a290\COMCTL32.dll
0x00007ffe1b8c0000 - 0x00007ffe1bbc8000 	C:\WINDOWS\System32\combase.dll
0x00007ffe1a6e0000 - 0x00007ffe1a752000 	C:\WINDOWS\System32\bcryptPrimitives.dll
0x00007ffe1d960000 - 0x00007ffe1d98d000 	C:\WINDOWS\System32\IMM32.DLL
0x0000000076500000 - 0x00000000765d2000 	C:\Program Files\Android\Android Studio\jre\jre\bin\msvcr100.dll
0x00000000765e0000 - 0x0000000076e1e000 	C:\Program Files\Android\Android Studio\jre\jre\bin\server\jvm.dll
0x00007ffe1b170000 - 0x00007ffe1b178000 	C:\WINDOWS\System32\PSAPI.DLL
0x00007ffe16f50000 - 0x00007ffe16f73000 	C:\WINDOWS\SYSTEM32\WINMM.dll
0x00007ffe188c0000 - 0x00007ffe188c9000 	C:\WINDOWS\SYSTEM32\WSOCK32.dll
0x00007ffe0bab0000 - 0x00007ffe0baba000 	C:\WINDOWS\SYSTEM32\VERSION.dll
0x00007ffe1c0c0000 - 0x00007ffe1c12c000 	C:\WINDOWS\System32\WS2_32.dll
0x00007ffe16f20000 - 0x00007ffe16f4a000 	C:\WINDOWS\SYSTEM32\WINMMBASE.dll
0x00007ffe1abd0000 - 0x00007ffe1ac1a000 	C:\WINDOWS\System32\cfgmgr32.dll
0x00007ffe16080000 - 0x00007ffe1608f000 	C:\Program Files\Android\Android Studio\jre\jre\bin\verify.dll
0x00007ffe16050000 - 0x00007ffe16079000 	C:\Program Files\Android\Android Studio\jre\jre\bin\java.dll
0x00007ffe02e60000 - 0x00007ffe02e76000 	C:\Program Files\Android\Android Studio\jre\jre\bin\zip.dll
0x00007ffe1c470000 - 0x00007ffe1d8a6000 	C:\WINDOWS\System32\SHELL32.dll
0x00007ffe1b0a0000 - 0x00007ffe1b146000 	C:\WINDOWS\System32\shcore.dll
0x00007ffe19e90000 - 0x00007ffe1a5d7000 	C:\WINDOWS\System32\windows.storage.dll
0x00007ffe1b6e0000 - 0x00007ffe1b731000 	C:\WINDOWS\System32\shlwapi.dll
0x00007ffe19db0000 - 0x00007ffe19dc1000 	C:\WINDOWS\System32\kernel.appcore.dll
0x00007ffe19d20000 - 0x00007ffe19d6c000 	C:\WINDOWS\System32\powrprof.dll
0x00007ffe19d70000 - 0x00007ffe19d8b000 	C:\WINDOWS\System32\profapi.dll
0x00007ffe02e10000 - 0x00007ffe02e2a000 	C:\Program Files\Android\Android Studio\jre\jre\bin\net.dll
0x00007ffe195b0000 - 0x00007ffe19616000 	C:\WINDOWS\system32\mswsock.dll
0x00007ffe02df0000 - 0x00007ffe02e01000 	C:\Program Files\Android\Android Studio\jre\jre\bin\nio.dll
0x00007ffe03000000 - 0x00007ffe0301e000 	C:\Users\Vanessa\.gradle\native\25\windows-amd64\native-platform.dll
0x00007ffe14070000 - 0x00007ffe1407d000 	C:\Program Files\Android\Android Studio\jre\jre\bin\management.dll
0x00007ffe19770000 - 0x00007ffe19787000 	C:\WINDOWS\SYSTEM32\CRYPTSP.dll
0x00007ffe19150000 - 0x00007ffe19183000 	C:\WINDOWS\system32\rsaenh.dll
0x00007ffe19880000 - 0x00007ffe198a5000 	C:\WINDOWS\SYSTEM32\bcrypt.dll
0x00007ffe19c20000 - 0x00007ffe19c49000 	C:\WINDOWS\SYSTEM32\USERENV.dll
0x00007ffe19790000 - 0x00007ffe1979b000 	C:\WINDOWS\SYSTEM32\CRYPTBASE.dll
0x00007ffe19340000 - 0x00007ffe19379000 	C:\WINDOWS\SYSTEM32\IPHLPAPI.DLL
0x00007ffe1d990000 - 0x00007ffe1d998000 	C:\WINDOWS\System32\NSI.dll
0x00007ffe10980000 - 0x00007ffe10996000 	C:\WINDOWS\SYSTEM32\dhcpcsvc6.DLL
0x00007ffe10960000 - 0x00007ffe1097a000 	C:\WINDOWS\SYSTEM32\dhcpcsvc.DLL

VM Arguments:
jvm_args: -Xmx1536m -Dfile.encoding=windows-1252 -Duser.country=GB -Duser.language=en -Duser.variant 
java_command: org.gradle.launcher.daemon.bootstrap.GradleDaemon 4.1
java_class_path (initial): C:\Users\Vanessa\.gradle\wrapper\dists\gradle-4.1-all\bzyivzo6n839fup2jbap0tjew\gradle-4.1\lib\gradle-launcher-4.1.jar
Launcher Type: SUN_STANDARD

Environment Variables:
PATH=C:\ProgramData\Oracle\Java\javapath;C:\Program Files (x86)\Intel\iCLS Client\;C:\Program Files\Intel\iCLS Client\;C:\WINDOWS\system32;C:\WINDOWS;C:\WINDOWS\System32\Wbem;C:\WINDOWS\System32\WindowsPowerShell\v1.0\;C:\Program Files (x86)\Intel\Intel(R) Management Engine Components\DAL;C:\Program Files\Intel\Intel(R) Management Engine Components\DAL;C:\Program Files (x86)\Intel\Intel(R) Management Engine Components\IPT;C:\Program Files\Intel\Intel(R) Management Engine Components\IPT;C:\Program Files\Git\cmd;C:\Program Files\nodejs\;C:\Users\Vanessa\AppData\Local\Microsoft\WindowsApps;C:\Users\Vanessa\AppData\Roaming\npm;
USERNAME=Vanessa
OS=Windows_NT
PROCESSOR_IDENTIFIER=Intel64 Family 6 Model 61 Stepping 4, GenuineIntel



---------------  S Y S T E M  ---------------

OS: Windows 10.0 , 64 bit Build 16299 (10.0.16299.15)

CPU:total 4 (initial active 4) (2 cores per cpu, 2 threads per core) family 6 model 61 stepping 4, cmov, cx8, fxsr, mmx, sse, sse2, sse3, ssse3, sse4.1, sse4.2, popcnt, avx, avx2, aes, clmul, erms, 3dnowpref, lzcnt, ht, tsc, tscinvbit, bmi1, bmi2, adx

Memory: 4k page, physical 4093380k(349924k free), swap 10311108k(4452k free)

vm_info: OpenJDK 64-Bit Server VM (25.152-b01) for windows-amd64 JRE (1.8.0_152-release-915-b01), built by "builder" with MS VC++ 10.0 (VS2010)

time: Wed Apr 25 18:34:30 2018
elapsed time: 4 seconds (0d 0h 0m 4s)

