#
# There is insufficient memory for the Java Runtime Environment to continue.
# Native memory allocation (malloc) failed to allocate 1222496 bytes for Chunk::new
# Possible reasons:
#   The system is out of physical RAM or swap space
#   In 32 bit mode, the process size limit was hit
# Possible solutions:
#   Reduce memory load on the system
#   Increase physical memory or swap space
#   Check if swap backing store is full
#   Use 64 bit Java on a 64 bit OS
#   Decrease Java heap size (-Xmx/-Xms)
#   Decrease number of Java threads
#   Decrease Java thread stack sizes (-Xss)
#   Set larger code cache with -XX:ReservedCodeCacheSize=
# This output file may be truncated or incomplete.
#
#  Out of Memory Error (allocation.cpp:390), pid=8240, tid=0x0000000000002278
#
# JRE version: OpenJDK Runtime Environment (8.0_152-b01) (build 1.8.0_152-release-915-b01)
# Java VM: OpenJDK 64-Bit Server VM (25.152-b01 mixed mode windows-amd64 compressed oops)
# Failed to write core dump. Minidumps are not enabled by default on client versions of Windows
#

---------------  T H R E A D  ---------------

Current thread (0x0000000018931800):  JavaThread "C2 CompilerThread1" daemon [_thread_in_native, id=8824, stack(0x000000001a170000,0x000000001a270000)]

Stack: [0x000000001a170000,0x000000001a270000]
[error occurred during error reporting (printing stack bounds), id 0xc0000005]

Native frames: (J=compiled Java code, j=interpreted, Vv=VM code, C=native code)


Current CompileTask:
C2:3246099 15851       4       org.gradle.internal.component.external.model.AbstractModuleComponentResolveMetadata::populateConfigurationFromDescriptor (270 bytes)


---------------  P R O C E S S  ---------------

Java Threads: ( => current thread )
  0x000000001bf74000 JavaThread "Task worker for ':' Thread 3" [_thread_blocked, id=4320, stack(0x000000002a160000,0x000000002a260000)]
  0x000000001bf75800 JavaThread "Task worker for ':' Thread 2" [_thread_blocked, id=5276, stack(0x000000002a060000,0x000000002a160000)]
  0x000000001bf75000 JavaThread "Task worker for ':'" [_thread_blocked, id=11076, stack(0x0000000029f60000,0x000000002a060000)]
  0x000000001bf76800 JavaThread "Cache worker for task history cache (C:\Users\Vanessa\AndroidStudioProjects\after_school\QRAttendance\.gradle\4.1\taskHistory)" [_thread_blocked, id=12680, stack(0x0000000029e60000,0x0000000029f60000)]
  0x000000001bf77000 JavaThread "Cache worker for file content cache (C:\Users\Vanessa\AndroidStudioProjects\after_school\QRAttendance\.gradle\4.1\fileContent)" [_thread_blocked, id=12996, stack(0x0000000029d60000,0x0000000029e60000)]
  0x000000001bf7b000 JavaThread "build operations Thread 4" [_thread_blocked, id=3592, stack(0x0000000029c60000,0x0000000029d60000)]
  0x000000001bf7a000 JavaThread "build operations Thread 3" [_thread_blocked, id=3576, stack(0x0000000029b60000,0x0000000029c60000)]
  0x000000001bf73800 JavaThread "build operations Thread 2" [_thread_blocked, id=4816, stack(0x0000000029a60000,0x0000000029b60000)]
  0x000000001bf78800 JavaThread "build operations" [_thread_blocked, id=9000, stack(0x0000000029960000,0x0000000029a60000)]
  0x000000001bf78000 JavaThread "Cache worker for Artifact transforms cache (C:\Users\Vanessa\.gradle\caches\transforms-1)" [_thread_blocked, id=12412, stack(0x0000000029860000,0x0000000029960000)]
  0x000000001f43d000 JavaThread "Cache worker for file hash cache (C:\Users\Vanessa\AndroidStudioProjects\after_school\QRAttendance\.gradle\4.1\fileHashes)" [_thread_blocked, id=11412, stack(0x0000000029760000,0x0000000029860000)]
  0x000000001f43b000 JavaThread "Stdin handler" [_thread_blocked, id=5444, stack(0x0000000029660000,0x0000000029760000)]
  0x000000001f43a000 JavaThread "Asynchronous log dispatcher for DefaultDaemonConnection: socket connection from /127.0.0.1:53829 to /127.0.0.1:53927" [_thread_blocked, id=7620, stack(0x0000000029560000,0x0000000029660000)]
  0x000000001f438800 JavaThread "Daemon worker Thread 3" [_thread_in_native, id=200, stack(0x0000000029460000,0x0000000029560000)]
  0x000000001f438000 JavaThread "Cancel handler" [_thread_blocked, id=12544, stack(0x0000000029360000,0x0000000029460000)]
  0x000000001f439800 JavaThread "Handler for socket connection from /127.0.0.1:53829 to /127.0.0.1:53927" [_thread_in_native, id=3108, stack(0x0000000029260000,0x0000000029360000)]
  0x000000001f43b800 JavaThread "Daemon Thread 3" [_thread_blocked, id=9296, stack(0x0000000029160000,0x0000000029260000)]
  0x000000001f436800 JavaThread "Memory manager" [_thread_blocked, id=3512, stack(0x0000000023340000,0x0000000023440000)]
  0x000000001c050000 JavaThread "File lock request listener" [_thread_in_native, id=8724, stack(0x000000001d550000,0x000000001d650000)]
  0x000000001c04f000 JavaThread "Cache worker for file hash cache (C:\Users\Vanessa\.gradle\caches\4.1\fileHashes)" [_thread_blocked, id=3956, stack(0x000000001d450000,0x000000001d550000)]
  0x000000001b660800 JavaThread "Daemon periodic checks" [_thread_blocked, id=8656, stack(0x000000001cb50000,0x000000001cc50000)]
  0x000000001b460000 JavaThread "Incoming local TCP Connector on port 53829" [_thread_in_native, id=7448, stack(0x000000001c680000,0x000000001c780000)]
  0x000000001a3a0800 JavaThread "Service Thread" daemon [_thread_blocked, id=8940, stack(0x000000001a770000,0x000000001a870000)]
  0x0000000018934800 JavaThread "C1 CompilerThread2" daemon [_thread_blocked, id=10408, stack(0x000000001a270000,0x000000001a370000)]
=>0x0000000018931800 JavaThread "C2 CompilerThread1" daemon [_thread_in_native, id=8824, stack(0x000000001a170000,0x000000001a270000)]
  0x000000001892e000 JavaThread "C2 CompilerThread0" daemon [_thread_blocked, id=10556, stack(0x000000001a070000,0x000000001a170000)]
  0x000000001892a800 JavaThread "Attach Listener" daemon [_thread_blocked, id=11208, stack(0x0000000019f70000,0x000000001a070000)]
  0x0000000018929000 JavaThread "Signal Dispatcher" daemon [_thread_blocked, id=10928, stack(0x0000000019e70000,0x0000000019f70000)]
  0x0000000018918800 JavaThread "Finalizer" daemon [_thread_blocked, id=8396, stack(0x0000000019b80000,0x0000000019c80000)]
  0x00000000188f7000 JavaThread "Reference Handler" daemon [_thread_blocked, id=12796, stack(0x0000000019a80000,0x0000000019b80000)]
  0x0000000004ebe000 JavaThread "main" [_thread_blocked, id=4400, stack(0x0000000004d00000,0x0000000004e00000)]

Other Threads:
  0x00000000188f4800 VMThread [stack: 0x0000000019980000,0x0000000019a80000] [id=11660]
  0x000000001898a800 WatcherThread [stack: 0x000000001a870000,0x000000001a970000] [id=6648]

VM state:not at safepoint (normal execution)

VM Mutex/Monitor currently owned by a thread: None

Heap:
 PSYoungGen      total 458240K, used 181422K [0x00000000e0000000, 0x00000000feb80000, 0x0000000100000000)
  eden space 414208K, 43% used [0x00000000e0000000,0x00000000eb113830,0x00000000f9480000)
  from space 44032K, 0% used [0x00000000fc080000,0x00000000fc098000,0x00000000feb80000)
  to   space 44544K, 0% used [0x00000000f9480000,0x00000000f9480000,0x00000000fc000000)
 ParOldGen       total 121344K, used 60440K [0x00000000a0000000, 0x00000000a7680000, 0x00000000e0000000)
  object space 121344K, 49% used [0x00000000a0000000,0x00000000a3b06058,0x00000000a7680000)
 Metaspace       used 73661K, capacity 76618K, committed 76820K, reserved 1116160K
  class space    used 9303K, capacity 9979K, committed 10044K, reserved 1048576K

Card table byte_map: [0x0000000014380000,0x0000000014690000] byte_map_base: 0x0000000013e80000

Marking Bits: (ParMarkBitMap*) 0x0000000076da3950
 Begin Bits: [0x0000000014c90000, 0x0000000016490000)
 End Bits:   [0x0000000016490000, 0x0000000017c90000)

Polling page: 0x0000000003480000

CodeCache: size=245760Kb used=44457Kb max_used=44457Kb free=201302Kb
 bounds [0x0000000004fc0000, 0x0000000007b70000, 0x0000000013fc0000]
 total_blobs=13839 nmethods=13015 adapters=736
 compilation: enabled

Compilation events (10 events):
Event: 3244.670 Thread 0x0000000018934800 16158       3       org.gradle.api.internal.artifacts.ivyservice.ivyresolve.BaseModuleComponentRepository::getName (10 bytes)
Event: 3244.670 Thread 0x0000000018934800 nmethod 16158 0x0000000007b5fcd0 code [0x0000000007b5fe40, 0x0000000007b60068]
Event: 3244.670 Thread 0x0000000018934800 16159       3       org.gradle.internal.component.local.model.DslOriginDependencyMetadataWrapper::getRequested (10 bytes)
Event: 3244.670 Thread 0x0000000018934800 nmethod 16159 0x0000000007b5f890 code [0x0000000007b5fa00, 0x0000000007b5fc28]
Event: 3244.706 Thread 0x0000000018934800 16160       3       org.gradle.internal.resource.metadata.DefaultExternalResourceMetaData::<init> (50 bytes)
Event: 3244.706 Thread 0x0000000018934800 nmethod 16160 0x0000000007b61310 code [0x0000000007b614a0, 0x0000000007b61808]
Event: 3244.767 Thread 0x0000000018934800 16161       3       com.esotericsoftware.kryo.io.Input::readInt (192 bytes)
Event: 3244.768 Thread 0x0000000018934800 nmethod 16161 0x0000000007b619d0 code [0x0000000007b61b60, 0x0000000007b62018]
Event: 3244.863 Thread 0x0000000018934800 16162       3       org.gradle.api.internal.artifacts.repositories.resolver.ExternalResourceResolver::getDependencyArtifactNames (42 bytes)
Event: 3244.864 Thread 0x0000000018934800 nmethod 16162 0x0000000007b621d0 code [0x0000000007b62400, 0x0000000007b63028]

GC Heap History (10 events):
Event: 109.484 GC heap before
{Heap before GC invocations=26 (full 4):
 PSYoungGen      total 284160K, used 4092K [0x00000000e0000000, 0x00000000f4500000, 0x0000000100000000)
  eden space 235008K, 0% used [0x00000000e0000000,0x00000000e0000000,0x00000000ee580000)
  from space 49152K, 8% used [0x00000000f1500000,0x00000000f18ff168,0x00000000f4500000)
  to   space 48640K, 0% used [0x00000000ee580000,0x00000000ee580000,0x00000000f1500000)
 ParOldGen       total 98816K, used 83677K [0x00000000a0000000, 0x00000000a6080000, 0x00000000e0000000)
  object space 98816K, 84% used [0x00000000a0000000,0x00000000a51b76d8,0x00000000a6080000)
 Metaspace       used 67108K, capacity 69298K, committed 69652K, reserved 1110016K
  class space    used 8670K, capacity 9155K, committed 9276K, reserved 1048576K
Event: 109.692 GC heap after
Heap after GC invocations=26 (full 4):
 PSYoungGen      total 284160K, used 0K [0x00000000e0000000, 0x00000000f4500000, 0x0000000100000000)
  eden space 235008K, 0% used [0x00000000e0000000,0x00000000e0000000,0x00000000ee580000)
  from space 49152K, 0% used [0x00000000f1500000,0x00000000f1500000,0x00000000f4500000)
  to   space 48640K, 0% used [0x00000000ee580000,0x00000000ee580000,0x00000000f1500000)
 ParOldGen       total 121344K, used 51293K [0x00000000a0000000, 0x00000000a7680000, 0x00000000e0000000)
  object space 121344K, 42% used [0x00000000a0000000,0x00000000a32175b8,0x00000000a7680000)
 Metaspace       used 67073K, capacity 69196K, committed 69652K, reserved 1110016K
  class space    used 8658K, capacity 9134K, committed 9276K, reserved 1048576K
}
Event: 110.432 GC heap before
{Heap before GC invocations=27 (full 4):
 PSYoungGen      total 284160K, used 235008K [0x00000000e0000000, 0x00000000f4500000, 0x0000000100000000)
  eden space 235008K, 100% used [0x00000000e0000000,0x00000000ee580000,0x00000000ee580000)
  from space 49152K, 0% used [0x00000000f1500000,0x00000000f1500000,0x00000000f4500000)
  to   space 48640K, 0% used [0x00000000ee580000,0x00000000ee580000,0x00000000f1500000)
 ParOldGen       total 121344K, used 51293K [0x00000000a0000000, 0x00000000a7680000, 0x00000000e0000000)
  object space 121344K, 42% used [0x00000000a0000000,0x00000000a32175b8,0x00000000a7680000)
 Metaspace       used 67775K, capacity 69892K, committed 70164K, reserved 1110016K
  class space    used 8743K, capacity 9248K, committed 9276K, reserved 1048576K
Event: 110.436 GC heap after
Heap after GC invocations=27 (full 4):
 PSYoungGen      total 283648K, used 1106K [0x00000000e0000000, 0x00000000f9c80000, 0x0000000100000000)
  eden space 235008K, 0% used [0x00000000e0000000,0x00000000e0000000,0x00000000ee580000)
  from space 48640K, 2% used [0x00000000ee580000,0x00000000ee6948b0,0x00000000f1500000)
  to   space 48640K, 0% used [0x00000000f6d00000,0x00000000f6d00000,0x00000000f9c80000)
 ParOldGen       total 121344K, used 51301K [0x00000000a0000000, 0x00000000a7680000, 0x00000000e0000000)
  object space 121344K, 42% used [0x00000000a0000000,0x00000000a32195b8,0x00000000a7680000)
 Metaspace       used 67775K, capacity 69892K, committed 70164K, reserved 1110016K
  class space    used 8743K, capacity 9248K, committed 9276K, reserved 1048576K
}
Event: 2690.731 GC heap before
{Heap before GC invocations=28 (full 4):
 PSYoungGen      total 283648K, used 236114K [0x00000000e0000000, 0x00000000f9c80000, 0x0000000100000000)
  eden space 235008K, 100% used [0x00000000e0000000,0x00000000ee580000,0x00000000ee580000)
  from space 48640K, 2% used [0x00000000ee580000,0x00000000ee6948b0,0x00000000f1500000)
  to   space 48640K, 0% used [0x00000000f6d00000,0x00000000f6d00000,0x00000000f9c80000)
 ParOldGen       total 121344K, used 51301K [0x00000000a0000000, 0x00000000a7680000, 0x00000000e0000000)
  object space 121344K, 42% used [0x00000000a0000000,0x00000000a32195b8,0x00000000a7680000)
 Metaspace       used 72219K, capacity 74898K, committed 75028K, reserved 1114112K
  class space    used 9125K, capacity 9703K, committed 9788K, reserved 1048576K
Event: 2690.847 GC heap after
Heap after GC invocations=28 (full 4):
 PSYoungGen      total 367616K, used 11132K [0x00000000e0000000, 0x00000000f9780000, 0x0000000100000000)
  eden space 324096K, 0% used [0x00000000e0000000,0x00000000e0000000,0x00000000f3c80000)
  from space 43520K, 25% used [0x00000000f6d00000,0x00000000f77df018,0x00000000f9780000)
  to   space 46592K, 0% used [0x00000000f3c80000,0x00000000f3c80000,0x00000000f6a00000)
 ParOldGen       total 121344K, used 51309K [0x00000000a0000000, 0x00000000a7680000, 0x00000000e0000000)
  object space 121344K, 42% used [0x00000000a0000000,0x00000000a321b5b8,0x00000000a7680000)
 Metaspace       used 72219K, capacity 74898K, committed 75028K, reserved 1114112K
  class space    used 9125K, capacity 9703K, committed 9788K, reserved 1048576K
}
Event: 2705.306 GC heap before
{Heap before GC invocations=29 (full 4):
 PSYoungGen      total 367616K, used 334639K [0x00000000e0000000, 0x00000000f9780000, 0x0000000100000000)
  eden space 324096K, 99% used [0x00000000e0000000,0x00000000f3becdc8,0x00000000f3c80000)
  from space 43520K, 25% used [0x00000000f6d00000,0x00000000f77df018,0x00000000f9780000)
  to   space 46592K, 0% used [0x00000000f3c80000,0x00000000f3c80000,0x00000000f6a00000)
 ParOldGen       total 121344K, used 51309K [0x00000000a0000000, 0x00000000a7680000, 0x00000000e0000000)
  object space 121344K, 42% used [0x00000000a0000000,0x00000000a321b5b8,0x00000000a7680000)
 Metaspace       used 72454K, capacity 75196K, committed 75284K, reserved 1114112K
  class space    used 9134K, capacity 9718K, committed 9788K, reserved 1048576K
Event: 2705.358 GC heap after
Heap after GC invocations=29 (full 4):
 PSYoungGen      total 370688K, used 8149K [0x00000000e0000000, 0x00000000fec80000, 0x0000000100000000)
  eden space 324096K, 0% used [0x00000000e0000000,0x00000000e0000000,0x00000000f3c80000)
  from space 46592K, 17% used [0x00000000f3c80000,0x00000000f44755b8,0x00000000f6a00000)
  to   space 45056K, 0% used [0x00000000fc080000,0x00000000fc080000,0x00000000fec80000)
 ParOldGen       total 121344K, used 58279K [0x00000000a0000000, 0x00000000a7680000, 0x00000000e0000000)
  object space 121344K, 48% used [0x00000000a0000000,0x00000000a38e9d50,0x00000000a7680000)
 Metaspace       used 72454K, capacity 75196K, committed 75284K, reserved 1114112K
  class space    used 9134K, capacity 9718K, committed 9788K, reserved 1048576K
}
Event: 2705.490 GC heap before
{Heap before GC invocations=30 (full 4):
 PSYoungGen      total 370688K, used 331533K [0x00000000e0000000, 0x00000000fec80000, 0x0000000100000000)
  eden space 324096K, 99% used [0x00000000e0000000,0x00000000f3bce0d8,0x00000000f3c80000)
  from space 46592K, 17% used [0x00000000f3c80000,0x00000000f44755b8,0x00000000f6a00000)
  to   space 45056K, 0% used [0x00000000fc080000,0x00000000fc080000,0x00000000fec80000)
 ParOldGen       total 121344K, used 58279K [0x00000000a0000000, 0x00000000a7680000, 0x00000000e0000000)
  object space 121344K, 48% used [0x00000000a0000000,0x00000000a38e9d50,0x00000000a7680000)
 Metaspace       used 72454K, capacity 75196K, committed 75284K, reserved 1114112K
  class space    used 9134K, capacity 9718K, committed 9788K, reserved 1048576K
Event: 2705.503 GC heap after
Heap after GC invocations=30 (full 4):
 PSYoungGen      total 458240K, used 96K [0x00000000e0000000, 0x00000000feb80000, 0x0000000100000000)
  eden space 414208K, 0% used [0x00000000e0000000,0x00000000e0000000,0x00000000f9480000)
  from space 44032K, 0% used [0x00000000fc080000,0x00000000fc098000,0x00000000feb80000)
  to   space 44544K, 0% used [0x00000000f9480000,0x00000000f9480000,0x00000000fc000000)
 ParOldGen       total 121344K, used 60440K [0x00000000a0000000, 0x00000000a7680000, 0x00000000e0000000)
  object space 121344K, 49% used [0x00000000a0000000,0x00000000a3b06058,0x00000000a7680000)
 Metaspace       used 72454K, capacity 75196K, committed 75284K, reserved 1114112K
  class space    used 9134K, capacity 9718K, committed 9788K, reserved 1048576K
}

Deoptimization events (10 events):
Event: 2706.893 Thread 0x000000001f43d000 Uncommon trap: reason=unstable_if action=reinterpret pc=0x0000000005a14574 method=com.esotericsoftware.kryo.io.Input.require(I)I @ 117
Event: 3239.331 Thread 0x000000001f439800 Uncommon trap: reason=class_check action=maybe_recompile pc=0x0000000006708860 method=java.lang.reflect.Array.newInstance(Ljava/lang/Class;I)Ljava/lang/Object; @ 2
Event: 3239.335 Thread 0x000000001f439800 Uncommon trap: reason=class_check action=maybe_recompile pc=0x0000000006708860 method=java.lang.reflect.Array.newInstance(Ljava/lang/Class;I)Ljava/lang/Object; @ 2
Event: 3239.410 Thread 0x000000001f438800 Uncommon trap: reason=array_check action=maybe_recompile pc=0x00000000053722c4 method=com.google.common.collect.ImmutableSet.construct(I[Ljava/lang/Object;)Lcom/google/common/collect/ImmutableSet; @ 122
Event: 3239.411 Thread 0x000000001f438800 Uncommon trap: reason=array_check action=maybe_recompile pc=0x00000000053722c4 method=com.google.common.collect.ImmutableSet.construct(I[Ljava/lang/Object;)Lcom/google/common/collect/ImmutableSet; @ 122
Event: 3239.412 Thread 0x000000001f438800 Uncommon trap: reason=array_check action=maybe_recompile pc=0x00000000053722c4 method=com.google.common.collect.ImmutableSet.construct(I[Ljava/lang/Object;)Lcom/google/common/collect/ImmutableSet; @ 122
Event: 3239.412 Thread 0x000000001f438800 Uncommon trap: reason=array_check action=maybe_recompile pc=0x00000000053722c4 method=com.google.common.collect.ImmutableSet.construct(I[Ljava/lang/Object;)Lcom/google/common/collect/ImmutableSet; @ 122
Event: 3243.939 Thread 0x000000001bf7a000 Uncommon trap: reason=unstable_if action=reinterpret pc=0x00000000071015e0 method=java.util.concurrent.ConcurrentHashMap.addCount(JI)V @ 110
Event: 3244.167 Thread 0x000000001f438800 Uncommon trap: reason=class_check action=maybe_recompile pc=0x0000000007ab58c4 method=java.util.stream.Sink$ChainedReference.<init>(Ljava/util/stream/Sink;)V @ 9
Event: 3244.169 Thread 0x000000001f438800 Uncommon trap: reason=class_check action=maybe_recompile pc=0x0000000007ab58c4 method=java.util.stream.Sink$ChainedReference.<init>(Ljava/util/stream/Sink;)V @ 9

Classes redefined (0 events):
No events

Internal exceptions (10 events):
Event: 3244.213 Thread 0x000000001f438800 Exception <a 'sun/nio/fs/WindowsException'> (0x00000000e8668d80) thrown at [D:\src\AOSP-openjdk-cygwin\jdk8u\hotspot\src\share\vm\prims\jni.cpp, line 709]
Event: 3244.213 Thread 0x000000001f438800 Exception <a 'sun/nio/fs/WindowsException'> (0x00000000e8669a78) thrown at [D:\src\AOSP-openjdk-cygwin\jdk8u\hotspot\src\share\vm\prims\jni.cpp, line 709]
Event: 3244.213 Thread 0x000000001f438800 Exception <a 'sun/nio/fs/WindowsException'> (0x00000000e866cfe8) thrown at [D:\src\AOSP-openjdk-cygwin\jdk8u\hotspot\src\share\vm\prims\jni.cpp, line 709]
Event: 3244.213 Thread 0x000000001f438800 Exception <a 'sun/nio/fs/WindowsException'> (0x00000000e866dbe0) thrown at [D:\src\AOSP-openjdk-cygwin\jdk8u\hotspot\src\share\vm\prims\jni.cpp, line 709]
Event: 3244.214 Thread 0x000000001f438800 Exception <a 'sun/nio/fs/WindowsException'> (0x00000000e866f820) thrown at [D:\src\AOSP-openjdk-cygwin\jdk8u\hotspot\src\share\vm\prims\jni.cpp, line 709]
Event: 3244.214 Thread 0x000000001f438800 Exception <a 'sun/nio/fs/WindowsException'> (0x00000000e8670450) thrown at [D:\src\AOSP-openjdk-cygwin\jdk8u\hotspot\src\share\vm\prims\jni.cpp, line 709]
Event: 3244.214 Thread 0x000000001f438800 Exception <a 'sun/nio/fs/WindowsException'> (0x00000000e8673010) thrown at [D:\src\AOSP-openjdk-cygwin\jdk8u\hotspot\src\share\vm\prims\jni.cpp, line 709]
Event: 3244.214 Thread 0x000000001f438800 Exception <a 'sun/nio/fs/WindowsException'> (0x00000000e8673c80) thrown at [D:\src\AOSP-openjdk-cygwin\jdk8u\hotspot\src\share\vm\prims\jni.cpp, line 709]
Event: 3244.214 Thread 0x000000001f438800 Exception <a 'sun/nio/fs/WindowsException'> (0x00000000e8675938) thrown at [D:\src\AOSP-openjdk-cygwin\jdk8u\hotspot\src\share\vm\prims\jni.cpp, line 709]
Event: 3244.214 Thread 0x000000001f438800 Exception <a 'sun/nio/fs/WindowsException'> (0x00000000e86765e0) thrown at [D:\src\AOSP-openjdk-cygwin\jdk8u\hotspot\src\share\vm\prims\jni.cpp, line 709]

Events (10 events):
Event: 3244.465 Thread 0x0000000018934800 flushing nmethod 0x0000000005a20290
Event: 3244.468 Thread 0x0000000018934800 flushing nmethod 0x0000000005cce710
Event: 3244.496 Thread 0x0000000018934800 flushing nmethod 0x00000000064c1f50
Event: 3244.500 Thread 0x0000000018934800 flushing nmethod 0x0000000006820a90
Event: 3244.508 Thread 0x0000000018934800 flushing nmethod 0x0000000007242e10
Event: 3244.607 Thread 0x000000001bf77000 Thread added: 0x000000001bf77000
Event: 3244.639 Thread 0x000000001bf76800 Thread added: 0x000000001bf76800
Event: 3244.655 Thread 0x000000001bf75000 Thread added: 0x000000001bf75000
Event: 3244.656 Thread 0x000000001bf75800 Thread added: 0x000000001bf75800
Event: 3244.656 Thread 0x000000001bf74000 Thread added: 0x000000001bf74000


Dynamic libraries:
0x00007ff607310000 - 0x00007ff607341000 	C:\Program Files\Android\Android Studio\jre\bin\java.exe
0x00007ffe1d9d0000 - 0x00007ffe1dbb0000 	C:\WINDOWS\SYSTEM32\ntdll.dll
0x00007ffe1d8b0000 - 0x00007ffe1d95e000 	C:\WINDOWS\System32\KERNEL32.DLL
0x00007ffe1a960000 - 0x00007ffe1abc6000 	C:\WINDOWS\System32\KERNELBASE.dll
0x00007ffe1b7a0000 - 0x00007ffe1b841000 	C:\WINDOWS\System32\ADVAPI32.dll
0x00007ffe1c280000 - 0x00007ffe1c31d000 	C:\WINDOWS\System32\msvcrt.dll
0x00007ffe1aea0000 - 0x00007ffe1aefb000 	C:\WINDOWS\System32\sechost.dll
0x00007ffe1c350000 - 0x00007ffe1c46f000 	C:\WINDOWS\System32\RPCRT4.dll
0x00007ffe1bf30000 - 0x00007ffe1c0bf000 	C:\WINDOWS\System32\USER32.dll
0x00007ffe19e70000 - 0x00007ffe19e90000 	C:\WINDOWS\System32\win32u.dll
0x00007ffe1c320000 - 0x00007ffe1c348000 	C:\WINDOWS\System32\GDI32.dll
0x00007ffe1a7c0000 - 0x00007ffe1a953000 	C:\WINDOWS\System32\gdi32full.dll
0x00007ffe19dd0000 - 0x00007ffe19e6b000 	C:\WINDOWS\System32\msvcp_win.dll
0x00007ffe1a5e0000 - 0x00007ffe1a6d6000 	C:\WINDOWS\System32\ucrtbase.dll
0x00007ffe0b840000 - 0x00007ffe0baa9000 	C:\WINDOWS\WinSxS\amd64_microsoft.windows.common-controls_6595b64144ccf1df_6.0.16299.371_none_15c7d1789365a290\COMCTL32.dll
0x00007ffe1b8c0000 - 0x00007ffe1bbc8000 	C:\WINDOWS\System32\combase.dll
0x00007ffe1a6e0000 - 0x00007ffe1a752000 	C:\WINDOWS\System32\bcryptPrimitives.dll
0x00007ffe1d960000 - 0x00007ffe1d98d000 	C:\WINDOWS\System32\IMM32.DLL
0x0000000076500000 - 0x00000000765d2000 	C:\Program Files\Android\Android Studio\jre\jre\bin\msvcr100.dll
0x00000000765e0000 - 0x0000000076e1e000 	C:\Program Files\Android\Android Studio\jre\jre\bin\server\jvm.dll
0x00007ffe1b170000 - 0x00007ffe1b178000 	C:\WINDOWS\System32\PSAPI.DLL
0x00007ffe0bab0000 - 0x00007ffe0baba000 	C:\WINDOWS\SYSTEM32\VERSION.dll
0x00007ffe16f50000 - 0x00007ffe16f73000 	C:\WINDOWS\SYSTEM32\WINMM.dll
0x00007ffe188c0000 - 0x00007ffe188c9000 	C:\WINDOWS\SYSTEM32\WSOCK32.dll
0x00007ffe1c0c0000 - 0x00007ffe1c12c000 	C:\WINDOWS\System32\WS2_32.dll
0x00007ffe16f20000 - 0x00007ffe16f4a000 	C:\WINDOWS\SYSTEM32\winmmbase.dll
0x00007ffe1abd0000 - 0x00007ffe1ac1a000 	C:\WINDOWS\System32\cfgmgr32.dll
0x00007ffe16080000 - 0x00007ffe1608f000 	C:\Program Files\Android\Android Studio\jre\jre\bin\verify.dll
0x00007ffe16050000 - 0x00007ffe16079000 	C:\Program Files\Android\Android Studio\jre\jre\bin\java.dll
0x00007ffe02e60000 - 0x00007ffe02e76000 	C:\Program Files\Android\Android Studio\jre\jre\bin\zip.dll
0x00007ffe1c470000 - 0x00007ffe1d8a6000 	C:\WINDOWS\System32\SHELL32.dll
0x00007ffe1b0a0000 - 0x00007ffe1b146000 	C:\WINDOWS\System32\shcore.dll
0x00007ffe19e90000 - 0x00007ffe1a5d7000 	C:\WINDOWS\System32\windows.storage.dll
0x00007ffe1b6e0000 - 0x00007ffe1b731000 	C:\WINDOWS\System32\shlwapi.dll
0x00007ffe19db0000 - 0x00007ffe19dc1000 	C:\WINDOWS\System32\kernel.appcore.dll
0x00007ffe19d20000 - 0x00007ffe19d6c000 	C:\WINDOWS\System32\powrprof.dll
0x00007ffe19d70000 - 0x00007ffe19d8b000 	C:\WINDOWS\System32\profapi.dll
0x00007ffe02e10000 - 0x00007ffe02e2a000 	C:\Program Files\Android\Android Studio\jre\jre\bin\net.dll
0x00007ffe195b0000 - 0x00007ffe19616000 	C:\WINDOWS\system32\mswsock.dll
0x00007ffe02df0000 - 0x00007ffe02e01000 	C:\Program Files\Android\Android Studio\jre\jre\bin\nio.dll
0x00007ffe03000000 - 0x00007ffe0301e000 	C:\Users\Vanessa\.gradle\native\25\windows-amd64\native-platform.dll
0x00007ffe14070000 - 0x00007ffe1407d000 	C:\Program Files\Android\Android Studio\jre\jre\bin\management.dll
0x00007ffe19770000 - 0x00007ffe19787000 	C:\WINDOWS\SYSTEM32\CRYPTSP.dll
0x00007ffe19150000 - 0x00007ffe19183000 	C:\WINDOWS\system32\rsaenh.dll
0x00007ffe19880000 - 0x00007ffe198a5000 	C:\WINDOWS\SYSTEM32\bcrypt.dll
0x00007ffe19c20000 - 0x00007ffe19c49000 	C:\WINDOWS\SYSTEM32\USERENV.dll
0x00007ffe19790000 - 0x00007ffe1979b000 	C:\WINDOWS\SYSTEM32\CRYPTBASE.dll
0x00007ffe19340000 - 0x00007ffe19379000 	C:\WINDOWS\SYSTEM32\IPHLPAPI.DLL
0x00007ffe1d990000 - 0x00007ffe1d998000 	C:\WINDOWS\System32\NSI.dll
0x00007ffe10980000 - 0x00007ffe10996000 	C:\WINDOWS\SYSTEM32\dhcpcsvc6.DLL
0x00007ffe10960000 - 0x00007ffe1097a000 	C:\WINDOWS\SYSTEM32\dhcpcsvc.DLL

VM Arguments:
jvm_args: -Xmx1536m -Dfile.encoding=windows-1252 -Duser.country=GB -Duser.language=en -Duser.variant 
java_command: org.gradle.launcher.daemon.bootstrap.GradleDaemon 4.1
java_class_path (initial): C:\Users\Vanessa\.gradle\wrapper\dists\gradle-4.1-all\bzyivzo6n839fup2jbap0tjew\gradle-4.1\lib\gradle-launcher-4.1.jar
Launcher Type: SUN_STANDARD

Environment Variables:
PATH=C:\ProgramData\Oracle\Java\javapath;C:\Program Files (x86)\Intel\iCLS Client\;C:\Program Files\Intel\iCLS Client\;C:\WINDOWS\system32;C:\WINDOWS;C:\WINDOWS\System32\Wbem;C:\WINDOWS\System32\WindowsPowerShell\v1.0\;C:\Program Files (x86)\Intel\Intel(R) Management Engine Components\DAL;C:\Program Files\Intel\Intel(R) Management Engine Components\DAL;C:\Program Files (x86)\Intel\Intel(R) Management Engine Components\IPT;C:\Program Files\Intel\Intel(R) Management Engine Components\IPT;C:\Program Files\Git\cmd;C:\Program Files\nodejs\;C:\Users\Vanessa\AppData\Local\Microsoft\WindowsApps;C:\Users\Vanessa\AppData\Roaming\npm;
USERNAME=Vanessa
OS=Windows_NT
PROCESSOR_IDENTIFIER=Intel64 Family 6 Model 61 Stepping 4, GenuineIntel



---------------  S Y S T E M  ---------------

OS: Windows 10.0 , 64 bit Build 16299 (10.0.16299.15)

CPU:total 4 (initial active 4) (2 cores per cpu, 2 threads per core) family 6 model 61 stepping 4, cmov, cx8, fxsr, mmx, sse, sse2, sse3, ssse3, sse4.1, sse4.2, popcnt, avx, avx2, aes, clmul, erms, 3dnowpref, lzcnt, ht, tsc, tscinvbit, bmi1, bmi2, adx

Memory: 4k page, physical 4093380k(577564k free), swap 10311108k(7336k free)

vm_info: OpenJDK 64-Bit Server VM (25.152-b01) for windows-amd64 JRE (1.8.0_152-release-915-b01), built by "builder" with MS VC++ 10.0 (VS2010)

time: Wed Apr 25 19:30:38 2018
elapsed time: 3245 seconds (0d 0h 54m 5s)

